<?xml version="1.0" encoding="utf-8"?>
<coverage line-rate="0.8726999999999999" branch-rate="0.703" version="1.9" timestamp="1783988729" lines-covered="2421" lines-valid="2774" branches-covered="618" branches-valid="879">
  <sources>
    <source>/home/achingono/source/worktrees/leankernel/src/</source>
  </sources>
  <packages>
    <package name="LeanKernel.Logic" line-rate="0.9186" branch-rate="0.8549" complexity="380">
      <classes>
        <class name="Microsoft.Extensions.DependencyInjection.IServiceCollectionExtensions" filename="Common/LeanKernel.Logic/Extensions/IServiceCollectionExtensions.cs" line-rate="0.6388" branch-rate="1" complexity="4">
          <methods>
            <method name="AddContextProviders" signature="(Microsoft.Extensions.DependencyInjection.IServiceCollection)" line-rate="1" branch-rate="1" complexity="1">
              <lines>
                <line number="27" hits="1" branch="False" />
                <line number="28" hits="1" branch="False" />
                <line number="29" hits="1" branch="False" />
                <line number="30" hits="1" branch="False" />
                <line number="31" hits="1" branch="False" />
                <line number="32" hits="1" branch="False" />
              </lines>
            </method>
            <method name="AddMemoryPageServices" signature="(Microsoft.Extensions.DependencyInjection.IServiceCollection)" line-rate="1" branch-rate="1" complexity="1">
              <lines>
                <line number="40" hits="2" branch="False" />
                <line number="41" hits="2" branch="False" />
                <line number="42" hits="2" branch="False" />
                <line number="43" hits="2" branch="False" />
                <line number="44" hits="2" branch="False" />
                <line number="45" hits="2" branch="False" />
                <line number="46" hits="2" branch="False" />
                <line number="47" hits="2" branch="False" />
                <line number="48" hits="2" branch="False" />
                <line number="49" hits="2" branch="False" />
                <line number="50" hits="2" branch="False" />
                <line number="52" hits="2" branch="False" />
                <line number="53" hits="2" branch="False" />
                <line number="54" hits="2" branch="False" />
                <line number="55" hits="2" branch="False" />
                <line number="56" hits="2" branch="False" />
                <line number="57" hits="2" branch="False" />
                <line number="58" hits="2" branch="False" />
                <line number="60" hits="2" branch="False" />
                <line number="61" hits="2" branch="False" />
              </lines>
            </method>
            <method name="AddLeanKernelChatClient" signature="(Microsoft.Extensions.DependencyInjection.IServiceCollection)" line-rate="1" branch-rate="1" complexity="1">
              <lines>
                <line number="70" hits="2" branch="False" />
                <line number="71" hits="2" branch="False" />
                <line number="72" hits="2" branch="False" />
                <line number="73" hits="2" branch="False" />
                <line number="74" hits="2" branch="False" />
                <line number="75" hits="2" branch="False" />
                <line number="76" hits="2" branch="False" />
                <line number="77" hits="2" branch="False" />
                <line number="78" hits="2" branch="False" />
                <line number="79" hits="2" branch="False" />
                <line number="80" hits="2" branch="False" />
                <line number="81" hits="2" branch="False" />
                <line number="82" hits="2" branch="False" />
                <line number="83" hits="2" branch="False" />
                <line number="84" hits="2" branch="False" />
                <line number="85" hits="2" branch="False" />
                <line number="86" hits="2" branch="False" />
                <line number="87" hits="2" branch="False" />
                <line number="89" hits="2" branch="False" />
                <line number="90" hits="2" branch="False" />
                <line number="91" hits="2" branch="False" />
                <line number="92" hits="2" branch="False" />
                <line number="93" hits="2" branch="False" />
                <line number="94" hits="2" branch="False" />
                <line number="95" hits="2" branch="False" />
                <line number="96" hits="2" branch="False" />
                <line number="97" hits="2" branch="False" />
                <line number="98" hits="2" branch="False" />
                <line number="99" hits="2" branch="False" />
                <line number="100" hits="2" branch="False" />
                <line number="101" hits="2" branch="False" />
                <line number="102" hits="2" branch="False" />
                <line number="104" hits="2" branch="False" />
                <line number="105" hits="2" branch="False" />
                <line number="106" hits="2" branch="False" />
                <line number="107" hits="2" branch="False" />
                <line number="108" hits="2" branch="False" />
                <line number="109" hits="2" branch="False" />
                <line number="110" hits="2" branch="False" />
                <line number="111" hits="2" branch="False" />
                <line number="112" hits="2" branch="False" />
                <line number="114" hits="2" branch="False" />
                <line number="115" hits="2" branch="False" />
              </lines>
            </method>
            <method name="AddLeanKernelAgent" signature="(Microsoft.Extensions.DependencyInjection.IServiceCollection,System.String,Microsoft.Extensions.Configuration.IConfiguration)" line-rate="0" branch-rate="1" complexity="1">
              <lines>
                <line number="131" hits="0" branch="False" />
                <line number="132" hits="0" branch="False" />
                <line number="134" hits="0" branch="False" />
                <line number="135" hits="0" branch="False" />
                <line number="136" hits="0" branch="False" />
                <line number="137" hits="0" branch="False" />
                <line number="138" hits="0" branch="False" />
                <line number="139" hits="0" branch="False" />
                <line number="140" hits="0" branch="False" />
                <line number="141" hits="0" branch="False" />
                <line number="142" hits="0" branch="False" />
                <line number="143" hits="0" branch="False" />
                <line number="144" hits="0" branch="False" />
                <line number="145" hits="0" branch="False" />
                <line number="146" hits="0" branch="False" />
                <line number="147" hits="0" branch="False" />
                <line number="148" hits="0" branch="False" />
                <line number="149" hits="0" branch="False" />
                <line number="150" hits="0" branch="False" />
                <line number="151" hits="0" branch="False" />
                <line number="152" hits="0" branch="False" />
                <line number="153" hits="0" branch="False" />
                <line number="154" hits="0" branch="False" />
                <line number="155" hits="0" branch="False" />
                <line number="156" hits="0" branch="False" />
                <line number="157" hits="0" branch="False" />
                <line number="158" hits="0" branch="False" />
                <line number="159" hits="0" branch="False" />
                <line number="160" hits="0" branch="False" />
                <line number="161" hits="0" branch="False" />
                <line number="162" hits="0" branch="False" />
                <line number="163" hits="0" branch="False" />
                <line number="164" hits="0" branch="False" />
                <line number="165" hits="0" branch="False" />
                <line number="166" hits="0" branch="False" />
                <line number="167" hits="0" branch="False" />
                <line number="168" hits="0" branch="False" />
                <line number="170" hits="0" branch="False" />
                <line number="171" hits="0" branch="False" />
              </lines>
            </method>
          </methods>
          <lines>
            <line number="27" hits="1" branch="False" />
            <line number="28" hits="1" branch="False" />
            <line number="29" hits="1" branch="False" />
            <line number="30" hits="1" branch="False" />
            <line number="31" hits="1" branch="False" />
            <line number="32" hits="1" branch="False" />
            <line number="40" hits="2" branch="False" />
            <line number="41" hits="2" branch="False" />
            <line number="42" hits="2" branch="False" />
            <line number="43" hits="2" branch="False" />
            <line number="44" hits="2" branch="False" />
            <line number="45" hits="2" branch="False" />
            <line number="46" hits="2" branch="False" />
            <line number="47" hits="2" branch="False" />
            <line number="48" hits="2" branch="False" />
            <line number="49" hits="2" branch="False" />
            <line number="50" hits="2" branch="False" />
            <line number="52" hits="2" branch="False" />
            <line number="53" hits="2" branch="False" />
            <line number="54" hits="2" branch="False" />
            <line number="55" hits="2" branch="False" />
            <line number="56" hits="2" branch="False" />
            <line number="57" hits="2" branch="False" />
            <line number="58" hits="2" branch="False" />
            <line number="60" hits="2" branch="False" />
            <line number="61" hits="2" branch="False" />
            <line number="70" hits="2" branch="False" />
            <line number="71" hits="2" branch="False" />
            <line number="72" hits="2" branch="False" />
            <line number="73" hits="2" branch="False" />
            <line number="74" hits="2" branch="False" />
            <line number="75" hits="2" branch="False" />
            <line number="76" hits="2" branch="False" />
            <line number="77" hits="2" branch="False" />
            <line number="78" hits="2" branch="False" />
            <line number="79" hits="2" branch="False" />
            <line number="80" hits="2" branch="False" />
            <line number="81" hits="2" branch="False" />
            <line number="82" hits="2" branch="False" />
            <line number="83" hits="2" branch="False" />
            <line number="84" hits="2" branch="False" />
            <line number="85" hits="2" branch="False" />
            <line number="86" hits="2" branch="False" />
            <line number="87" hits="2" branch="False" />
            <line number="89" hits="2" branch="False" />
            <line number="90" hits="2" branch="False" />
            <line number="91" hits="2" branch="False" />
            <line number="92" hits="2" branch="False" />
            <line number="93" hits="2" branch="False" />
            <line number="94" hits="2" branch="False" />
            <line number="95" hits="2" branch="False" />
            <line number="96" hits="2" branch="False" />
            <line number="97" hits="2" branch="False" />
            <line number="98" hits="2" branch="False" />
            <line number="99" hits="2" branch="False" />
            <line number="100" hits="2" branch="False" />
            <line number="101" hits="2" branch="False" />
            <line number="102" hits="2" branch="False" />
            <line number="104" hits="2" branch="False" />
            <line number="105" hits="2" branch="False" />
            <line number="106" hits="2" branch="False" />
            <line number="107" hits="2" branch="False" />
            <line number="108" hits="2" branch="False" />
            <line number="109" hits="2" branch="False" />
            <line number="110" hits="2" branch="False" />
            <line number="111" hits="2" branch="False" />
            <line number="112" hits="2" branch="False" />
            <line number="114" hits="2" branch="False" />
            <line number="115" hits="2" branch="False" />
            <line number="131" hits="0" branch="False" />
            <line number="132" hits="0" branch="False" />
            <line number="134" hits="0" branch="False" />
            <line number="135" hits="0" branch="False" />
            <line number="136" hits="0" branch="False" />
            <line number="137" hits="0" branch="False" />
            <line number="138" hits="0" branch="False" />
            <line number="139" hits="0" branch="False" />
            <line number="140" hits="0" branch="False" />
            <line number="141" hits="0" branch="False" />
            <line number="142" hits="0" branch="False" />
            <line number="143" hits="0" branch="False" />
            <line number="144" hits="0" branch="False" />
            <line number="145" hits="0" branch="False" />
            <line number="146" hits="0" branch="False" />
            <line number="147" hits="0" branch="False" />
            <line number="148" hits="0" branch="False" />
            <line number="149" hits="0" branch="False" />
            <line number="150" hits="0" branch="False" />
            <line number="151" hits="0" branch="False" />
            <line number="152" hits="0" branch="False" />
            <line number="153" hits="0" branch="False" />
            <line number="154" hits="0" branch="False" />
            <line number="155" hits="0" branch="False" />
            <line number="156" hits="0" branch="False" />
            <line number="157" hits="0" branch="False" />
            <line number="158" hits="0" branch="False" />
            <line number="159" hits="0" branch="False" />
            <line number="160" hits="0" branch="False" />
            <line number="161" hits="0" branch="False" />
            <line number="162" hits="0" branch="False" />
            <line number="163" hits="0" branch="False" />
            <line number="164" hits="0" branch="False" />
            <line number="165" hits="0" branch="False" />
            <line number="166" hits="0" branch="False" />
            <line number="167" hits="0" branch="False" />
            <line number="168" hits="0" branch="False" />
            <line number="170" hits="0" branch="False" />
            <line number="171" hits="0" branch="False" />
          </lines>
        </class>
        <class name="LeanKernel.Logic.Tools.ToolArgumentReader" filename="Common/LeanKernel.Logic/Tools/ToolArgumentReader.cs" line-rate="0.985" branch-rate="0.9264" complexity="68">
          <methods>
            <method name="GetString" signature="(System.Collections.Generic.IReadOnlyDictionary`2&lt;System.String,System.Object&gt;,System.String)" line-rate="1" branch-rate="1" complexity="10">
              <lines>
                <line number="14" hits="62" branch="False" />
                <line number="15" hits="62" branch="True" condition-coverage="100% (2/2)">
                  <conditions>
                    <condition number="15" type="jump" coverage="100%" />
                  </conditions>
                </line>
                <line number="16" hits="29" branch="False" />
                <line number="17" hits="29" branch="False" />
                <line number="20" hits="33" branch="True" condition-coverage="100% (6/6)">
                  <conditions>
                    <condition number="34" type="jump" coverage="100%" />
                    <condition number="42" type="jump" coverage="100%" />
                    <condition number="55" type="jump" coverage="100%" />
                  </conditions>
                </line>
                <line number="21" hits="33" branch="False" />
                <line number="22" hits="29" branch="False" />
                <line number="23" hits="2" branch="True" condition-coverage="100% (2/2)">
                  <conditions>
                    <condition number="76" type="jump" coverage="100%" />
                  </conditions>
                </line>
                <line number="24" hits="1" branch="False" />
                <line number="25" hits="1" branch="False" />
                <line number="26" hits="33" branch="False" />
                <line number="27" hits="62" branch="False" />
              </lines>
            </method>
            <method name="GetInt" signature="(System.Collections.Generic.IReadOnlyDictionary`2&lt;System.String,System.Object&gt;,System.String)" line-rate="1" branch-rate="0.9444" complexity="18">
              <lines>
                <line number="33" hits="21" branch="False" />
                <line number="34" hits="21" branch="True" condition-coverage="100% (2/2)">
                  <conditions>
                    <condition number="15" type="jump" coverage="100%" />
                  </conditions>
                </line>
                <line number="35" hits="15" branch="False" />
                <line number="36" hits="15" branch="False" />
                <line number="39" hits="6" branch="True" condition-coverage="100% (10/10)">
                  <conditions>
                    <condition number="47" type="jump" coverage="100%" />
                    <condition number="67" type="jump" coverage="100%" />
                    <condition number="87" type="jump" coverage="100%" />
                    <condition number="107" type="jump" coverage="100%" />
                    <condition number="131" type="jump" coverage="100%" />
                  </conditions>
                </line>
                <line number="40" hits="6" branch="False" />
                <line number="41" hits="1" branch="False" />
                <line number="42" hits="1" branch="False" />
                <line number="43" hits="1" branch="False" />
                <line number="44" hits="2" branch="True" condition-coverage="75% (3/4)">
                  <conditions>
                    <condition number="197" type="jump" coverage="100%" />
                    <condition number="210" type="jump" coverage="50%" />
                  </conditions>
                </line>
                <line number="45" hits="3" branch="True" condition-coverage="100% (2/2)">
                  <conditions>
                    <condition number="247" type="jump" coverage="100%" />
                  </conditions>
                </line>
                <line number="46" hits="1" branch="False" />
                <line number="47" hits="6" branch="False" />
                <line number="48" hits="21" branch="False" />
              </lines>
            </method>
            <method name="GetBool" signature="(System.Collections.Generic.IReadOnlyDictionary`2&lt;System.String,System.Object&gt;,System.String)" line-rate="1" branch-rate="1" complexity="14">
              <lines>
                <line number="54" hits="6" branch="False" />
                <line number="55" hits="6" branch="True" condition-coverage="100% (2/2)">
                  <conditions>
                    <condition number="15" type="jump" coverage="100%" />
                  </conditions>
                </line>
                <line number="56" hits="1" branch="False" />
                <line number="57" hits="1" branch="False" />
                <line number="60" hits="5" branch="True" condition-coverage="100% (6/6)">
                  <conditions>
                    <condition number="47" type="jump" coverage="100%" />
                    <condition number="67" type="jump" coverage="100%" />
                    <condition number="91" type="jump" coverage="100%" />
                  </conditions>
                </line>
                <line number="61" hits="5" branch="False" />
                <line number="62" hits="1" branch="False" />
                <line number="63" hits="3" branch="True" condition-coverage="100% (2/2)">
                  <conditions>
                    <condition number="123" type="jump" coverage="100%" />
                  </conditions>
                </line>
                <line number="64" hits="2" branch="True" condition-coverage="100% (2/2)">
                  <conditions>
                    <condition number="148" type="jump" coverage="100%" />
                  </conditions>
                </line>
                <line number="65" hits="2" branch="True" condition-coverage="100% (2/2)">
                  <conditions>
                    <condition number="174" type="jump" coverage="100%" />
                  </conditions>
                </line>
                <line number="66" hits="1" branch="False" />
                <line number="67" hits="5" branch="False" />
                <line number="68" hits="6" branch="False" />
              </lines>
            </method>
            <method name="GetDouble" signature="(System.Collections.Generic.IReadOnlyDictionary`2&lt;System.String,System.Object&gt;,System.String)" line-rate="0.9375" branch-rate="0.7777" complexity="18">
              <lines>
                <line number="74" hits="6" branch="False" />
                <line number="75" hits="6" branch="True" condition-coverage="100% (2/2)">
                  <conditions>
                    <condition number="15" type="jump" coverage="100%" />
                  </conditions>
                </line>
                <line number="76" hits="1" branch="False" />
                <line number="77" hits="1" branch="False" />
                <line number="80" hits="5" branch="True" condition-coverage="90% (9/10)">
                  <conditions>
                    <condition number="47" type="jump" coverage="100%" />
                    <condition number="67" type="jump" coverage="100%" />
                    <condition number="87" type="jump" coverage="100%" />
                    <condition number="107" type="jump" coverage="100%" />
                    <condition number="131" type="jump" coverage="50%" />
                  </conditions>
                </line>
                <line number="81" hits="5" branch="False" />
                <line number="82" hits="1" branch="False" />
                <line number="83" hits="1" branch="False" />
                <line number="84" hits="1" branch="False" />
                <line number="85" hits="1" branch="True" condition-coverage="50% (1/2)">
                  <conditions>
                    <condition number="203" type="jump" coverage="50%" />
                  </conditions>
                </line>
                <line number="86" hits="1" branch="True" condition-coverage="50% (1/2)">
                  <conditions>
                    <condition number="216" type="jump" coverage="50%" />
                  </conditions>
                </line>
                <line number="87" hits="1" branch="True" condition-coverage="50% (1/2)">
                  <conditions>
                    <condition number="263" type="jump" coverage="50%" />
                  </conditions>
                </line>
                <line number="88" hits="2" branch="False" />
                <line number="89" hits="0" branch="False" />
                <line number="90" hits="5" branch="False" />
                <line number="91" hits="6" branch="False" />
              </lines>
            </method>
            <method name="GetJson" signature="(System.Collections.Generic.IReadOnlyDictionary`2&lt;System.String,System.Object&gt;,System.String)" line-rate="1" branch-rate="1" complexity="8">
              <lines>
                <line number="97" hits="16" branch="False" />
                <line number="98" hits="16" branch="True" condition-coverage="100% (2/2)">
                  <conditions>
                    <condition number="15" type="jump" coverage="100%" />
                  </conditions>
                </line>
                <line number="99" hits="1" branch="False" />
                <line number="100" hits="1" branch="False" />
                <line number="103" hits="15" branch="True" condition-coverage="100% (6/6)">
                  <conditions>
                    <condition number="32" type="jump" coverage="100%" />
                    <condition number="53" type="jump" coverage="100%" />
                    <condition number="56" type="jump" coverage="100%" />
                  </conditions>
                </line>
                <line number="104" hits="15" branch="False" />
                <line number="105" hits="1" branch="False" />
                <line number="106" hits="12" branch="False" />
                <line number="107" hits="1" branch="False" />
                <line number="108" hits="1" branch="False" />
                <line number="109" hits="15" branch="False" />
                <line number="110" hits="16" branch="False" />
              </lines>
            </method>
          </methods>
          <lines>
            <line number="14" hits="62" branch="False" />
            <line number="15" hits="62" branch="True" condition-coverage="100% (2/2)">
              <conditions>
                <condition number="15" type="jump" coverage="100%" />
              </conditions>
            </line>
            <line number="16" hits="29" branch="False" />
            <line number="17" hits="29" branch="False" />
            <line number="20" hits="33" branch="True" condition-coverage="100% (6/6)">
              <conditions>
                <condition number="34" type="jump" coverage="100%" />
                <condition number="42" type="jump" coverage="100%" />
                <condition number="55" type="jump" coverage="100%" />
              </conditions>
            </line>
            <line number="21" hits="33" branch="False" />
            <line number="22" hits="29" branch="False" />
            <line number="23" hits="2" branch="True" condition-coverage="100% (2/2)">
              <conditions>
                <condition number="76" type="jump" coverage="100%" />
              </conditions>
            </line>
            <line number="24" hits="1" branch="False" />
            <line number="25" hits="1" branch="False" />
            <line number="26" hits="33" branch="False" />
            <line number="27" hits="62" branch="False" />
            <line number="33" hits="21" branch="False" />
            <line number="34" hits="21" branch="True" condition-coverage="100% (2/2)">
              <conditions>
                <condition number="15" type="jump" coverage="100%" />
              </conditions>
            </line>
            <line number="35" hits="15" branch="False" />
            <line number="36" hits="15" branch="False" />
            <line number="39" hits="6" branch="True" condition-coverage="100% (10/10)">
              <conditions>
                <condition number="47" type="jump" coverage="100%" />
                <condition number="67" type="jump" coverage="100%" />
                <condition number="87" type="jump" coverage="100%" />
                <condition number="107" type="jump" coverage="100%" />
                <condition number="131" type="jump" coverage="100%" />
              </conditions>
            </line>
            <line number="40" hits="6" branch="False" />
            <line number="41" hits="1" branch="False" />
            <line number="42" hits="1" branch="False" />
            <line number="43" hits="1" branch="False" />
            <line number="44" hits="2" branch="True" condition-coverage="75% (3/4)">
              <conditions>
                <condition number="197" type="jump" coverage="100%" />
                <condition number="210" type="jump" coverage="50%" />
              </conditions>
            </line>
            <line number="45" hits="3" branch="True" condition-coverage="100% (2/2)">
              <conditions>
                <condition number="247" type="jump" coverage="100%" />
              </conditions>
            </line>
            <line number="46" hits="1" branch="False" />
            <line number="47" hits="6" branch="False" />
            <line number="48" hits="21" branch="False" />
            <line number="54" hits="6" branch="False" />
            <line number="55" hits="6" branch="True" condition-coverage="100% (2/2)">
              <conditions>
                <condition number="15" type="jump" coverage="100%" />
              </conditions>
            </line>
            <line number="56" hits="1" branch="False" />
            <line number="57" hits="1" branch="False" />
            <line number="60" hits="5" branch="True" condition-coverage="100% (6/6)">
              <conditions>
                <condition number="47" type="jump" coverage="100%" />
                <condition number="67" type="jump" coverage="100%" />
                <condition number="91" type="jump" coverage="100%" />
              </conditions>
            </line>
            <line number="61" hits="5" branch="False" />
            <line number="62" hits="1" branch="False" />
            <line number="63" hits="3" branch="True" condition-coverage="100% (2/2)">
              <conditions>
                <condition number="123" type="jump" coverage="100%" />
              </conditions>
            </line>
            <line number="64" hits="2" branch="True" condition-coverage="100% (2/2)">
              <conditions>
                <condition number="148" type="jump" coverage="100%" />
              </conditions>
            </line>
            <line number="65" hits="2" branch="True" condition-coverage="100% (2/2)">
              <conditions>
                <condition number="174" type="jump" coverage="100%" />
              </conditions>
            </line>
            <line number="66" hits="1" branch="False" />
            <line number="67" hits="5" branch="False" />
            <line number="68" hits="6" branch="False" />
            <line number="74" hits="6" branch="False" />
            <line number="75" hits="6" branch="True" condition-coverage="100% (2/2)">
              <conditions>
                <condition number="15" type="jump" coverage="100%" />
              </conditions>
            </line>
            <line number="76" hits="1" branch="False" />
            <line number="77" hits="1" branch="False" />
            <line number="80" hits="5" branch="True" condition-coverage="90% (9/10)">
              <conditions>
                <condition number="47" type="jump" coverage="100%" />
                <condition number="67" type="jump" coverage="100%" />
                <condition number="87" type="jump" coverage="100%" />
                <condition number="107" type="jump" coverage="100%" />
                <condition number="131" type="jump" coverage="50%" />
              </conditions>
            </line>
            <line number="81" hits="5" branch="False" />
            <line number="82" hits="1" branch="False" />
            <line number="83" hits="1" branch="False" />
            <line number="84" hits="1" branch="False" />
            <line number="85" hits="1" branch="True" condition-coverage="50% (1/2)">
              <conditions>
                <condition number="203" type="jump" coverage="50%" />
              </conditions>
            </line>
            <line number="86" hits="1" branch="True" condition-coverage="50% (1/2)">
              <conditions>
                <condition number="216" type="jump" coverage="50%" />
              </conditions>
            </line>
            <line number="87" hits="1" branch="True" condition-coverage="50% (1/2)">
              <conditions>
                <condition number="263" type="jump" coverage="50%" />
              </conditions>
            </line>
            <line number="88" hits="2" branch="False" />
            <line number="89" hits="0" branch="False" />
            <line number="90" hits="5" branch="False" />
            <line number="91" hits="6" branch="False" />
            <line number="97" hits="16" branch="False" />
            <line number="98" hits="16" branch="True" condition-coverage="100% (2/2)">
              <conditions>
                <condition number="15" type="jump" coverage="100%" />
              </conditions>
            </line>
            <line number="99" hits="1" branch="False" />
            <line number="100" hits="1" branch="False" />
            <line number="103" hits="15" branch="True" condition-coverage="100% (6/6)">
              <conditions>
                <condition number="32" type="jump" coverage="100%" />
                <condition number="53" type="jump" coverage="100%" />
                <condition number="56" type="jump" coverage="100%" />
              </conditions>
            </line>
            <line number="104" hits="15" branch="False" />
            <line number="105" hits="1" branch="False" />
            <line number="106" hits="12" branch="False" />
            <line number="107" hits="1" branch="False" />
            <line number="108" hits="1" branch="False" />
            <line number="109" hits="15" branch="False" />
            <line number="110" hits="16" branch="False" />
          </lines>
        </class>
        <class name="LeanKernel.Logic.Tools.ToolDefinitionAIToolAdapter" filename="Common/LeanKernel.Logic/Tools/ToolDefinitionAIToolAdapter.cs" line-rate="0.9393" branch-rate="1" complexity="4">
          <methods>
            <method name="ToAITool" signature="(LeanKernel.Logic.Tools.ToolDefinition)" line-rate="1" branch-rate="1" complexity="1">
              <lines>
                <line number="21" hits="4" branch="False" />
                <line number="22" hits="4" branch="False" />
                <line number="23" hits="3" branch="False" />
                <line number="24" hits="3" branch="False" />
                <line number="25" hits="3" branch="False" />
                <line number="26" hits="3" branch="False" />
                <line number="27" hits="3" branch="False" />
              </lines>
            </method>
            <method name="ToAITools" signature="(System.Collections.Generic.IEnumerable`1&lt;LeanKernel.Logic.Tools.ToolDefinition&gt;)" line-rate="1" branch-rate="1" complexity="1">
              <lines>
                <line number="35" hits="2" branch="False" />
                <line number="36" hits="2" branch="False" />
                <line number="37" hits="1" branch="False" />
                <line number="38" hits="1" branch="False" />
              </lines>
            </method>
            <method name="BuildDelegate" signature="(LeanKernel.Logic.Tools.ToolDefinition)" line-rate="1" branch-rate="1" complexity="1">
              <lines>
                <line number="41" hits="3" branch="False" />
                <line number="42" hits="3" branch="False" />
                <line number="43" hits="3" branch="False" />
                <line number="44" hits="3" branch="False" />
                <line number="45" hits="3" branch="False" />
                <line number="46" hits="3" branch="False" />
                <line number="47" hits="3" branch="False" />
                <line number="48" hits="3" branch="False" />
                <line number="49" hits="3" branch="False" />
                <line number="50" hits="3" branch="False" />
                <line number="51" hits="3" branch="False" />
                <line number="52" hits="3" branch="False" />
                <line number="53" hits="3" branch="False" />
                <line number="54" hits="3" branch="False" />
                <line number="55" hits="3" branch="False" />
                <line number="56" hits="3" branch="False" />
                <line number="57" hits="3" branch="False" />
                <line number="58" hits="3" branch="False" />
                <line number="59" hits="3" branch="False" />
                <line number="60" hits="3" branch="False" />
              </lines>
            </method>
            <method name=".cctor" signature="()" line-rate="0" branch-rate="1" complexity="1">
              <lines>
                <line number="12" hits="0" branch="False" />
                <line number="13" hits="0" branch="False" />
              </lines>
            </method>
          </methods>
          <lines>
            <line number="21" hits="4" branch="False" />
            <line number="22" hits="4" branch="False" />
            <line number="23" hits="3" branch="False" />
            <line number="24" hits="3" branch="False" />
            <line number="25" hits="3" branch="False" />
            <line number="26" hits="3" branch="False" />
            <line number="27" hits="3" branch="False" />
            <line number="35" hits="2" branch="False" />
            <line number="36" hits="2" branch="False" />
            <line number="37" hits="1" branch="False" />
            <line number="38" hits="1" branch="False" />
            <line number="41" hits="3" branch="False" />
            <line number="42" hits="3" branch="False" />
            <line number="43" hits="3" branch="False" />
            <line number="44" hits="3" branch="False" />
            <line number="45" hits="3" branch="False" />
            <line number="46" hits="3" branch="False" />
            <line number="47" hits="3" branch="False" />
            <line number="48" hits="3" branch="False" />
            <line number="49" hits="3" branch="False" />
            <line number="50" hits="3" branch="False" />
            <line number="51" hits="3" branch="False" />
            <line number="52" hits="3" branch="False" />
            <line number="53" hits="3" branch="False" />
            <line number="54" hits="3" branch="False" />
            <line number="55" hits="3" branch="False" />
            <line number="56" hits="3" branch="False" />
            <line number="57" hits="3" branch="False" />
            <line number="58" hits="3" branch="False" />
            <line number="59" hits="3" branch="False" />
            <line number="60" hits="3" branch="False" />
            <line number="12" hits="0" branch="False" />
            <line number="13" hits="0" branch="False" />
          </lines>
        </class>
        <class name="LeanKernel.Logic.Tools.ToolGovernancePolicy" filename="Common/LeanKernel.Logic/Tools/ToolGovernancePolicy.cs" line-rate="1" branch-rate="1" complexity="7">
          <methods>
            <method name="IsAllowed" signature="(LeanKernel.Logic.Tools.ToolDefinition)" line-rate="1" branch-rate="1" complexity="4">
              <lines>
                <line number="27" hits="14" branch="False" />
                <line number="28" hits="14" branch="False" />
                <line number="31" hits="13" branch="True" condition-coverage="100% (2/2)">
                  <conditions>
                    <condition number="52" type="jump" coverage="100%" />
                  </conditions>
                </line>
                <line number="32" hits="8" branch="False" />
                <line number="33" hits="8" branch="False" />
                <line number="34" hits="8" branch="False" />
                <line number="38" hits="5" branch="True" condition-coverage="100% (2/2)">
                  <conditions>
                    <condition number="107" type="jump" coverage="100%" />
                  </conditions>
                </line>
                <line number="39" hits="3" branch="False" />
                <line number="40" hits="3" branch="False" />
                <line number="41" hits="3" branch="False" />
                <line number="45" hits="2" branch="False" />
                <line number="46" hits="13" branch="False" />
              </lines>
            </method>
            <method name="Filter" signature="(System.Collections.Generic.IEnumerable`1&lt;LeanKernel.Logic.Tools.ToolDefinition&gt;)" line-rate="1" branch-rate="1" complexity="1">
              <lines>
                <line number="52" hits="2" branch="False" />
                <line number="53" hits="2" branch="False" />
                <line number="54" hits="1" branch="False" />
                <line number="55" hits="1" branch="False" />
              </lines>
            </method>
            <method name=".ctor" signature="(LeanKernel.Logic.Configuration.ToolSettings)" line-rate="1" branch-rate="1" complexity="2">
              <lines>
                <line number="18" hits="8" branch="False" />
                <line number="19" hits="8" branch="False" />
                <line number="20" hits="8" branch="True" condition-coverage="100% (2/2)">
                  <conditions>
                    <condition number="11" type="jump" coverage="100%" />
                  </conditions>
                </line>
                <line number="21" hits="7" branch="False" />
              </lines>
            </method>
          </methods>
          <lines>
            <line number="27" hits="14" branch="False" />
            <line number="28" hits="14" branch="False" />
            <line number="31" hits="13" branch="True" condition-coverage="100% (2/2)">
              <conditions>
                <condition number="52" type="jump" coverage="100%" />
              </conditions>
            </line>
            <line number="32" hits="8" branch="False" />
            <line number="33" hits="8" branch="False" />
            <line number="34" hits="8" branch="False" />
            <line number="38" hits="5" branch="True" condition-coverage="100% (2/2)">
              <conditions>
                <condition number="107" type="jump" coverage="100%" />
              </conditions>
            </line>
            <line number="39" hits="3" branch="False" />
            <line number="40" hits="3" branch="False" />
            <line number="41" hits="3" branch="False" />
            <line number="45" hits="2" branch="False" />
            <line number="46" hits="13" branch="False" />
            <line number="52" hits="2" branch="False" />
            <line number="53" hits="2" branch="False" />
            <line number="54" hits="1" branch="False" />
            <line number="55" hits="1" branch="False" />
            <line number="18" hits="8" branch="False" />
            <line number="19" hits="8" branch="False" />
            <line number="20" hits="8" branch="True" condition-coverage="100% (2/2)">
              <conditions>
                <condition number="11" type="jump" coverage="100%" />
              </conditions>
            </line>
            <line number="21" hits="7" branch="False" />
          </lines>
        </class>
        <class name="LeanKernel.Logic.Tools.ToolRegistry" filename="Common/LeanKernel.Logic/Tools/ToolRegistry.cs" line-rate="1" branch-rate="1" complexity="6">
          <methods>
            <method name="get_Tools" signature="()" line-rate="1" branch-rate="1" complexity="1">
              <lines>
                <line number="14" hits="3" branch="False" />
              </lines>
            </method>
            <method name="Register" signature="(LeanKernel.Logic.Tools.ToolDefinition)" line-rate="1" branch-rate="1" complexity="2">
              <lines>
                <line number="18" hits="9" branch="False" />
                <line number="19" hits="9" branch="False" />
                <line number="20" hits="8" branch="True" condition-coverage="100% (2/2)">
                  <conditions>
                    <condition number="25" type="jump" coverage="100%" />
                  </conditions>
                </line>
                <line number="21" hits="1" branch="False" />
                <line number="22" hits="1" branch="False" />
                <line number="23" hits="1" branch="False" />
                <line number="25" hits="7" branch="False" />
              </lines>
            </method>
            <method name="TryRegister" signature="(LeanKernel.Logic.Tools.ToolDefinition)" line-rate="1" branch-rate="1" complexity="1">
              <lines>
                <line number="29" hits="13" branch="False" />
                <line number="30" hits="13" branch="False" />
                <line number="31" hits="13" branch="False" />
                <line number="33" hits="13" branch="False" />
                <line number="34" hits="13" branch="False" />
              </lines>
            </method>
            <method name="Contains" signature="(System.String)" line-rate="1" branch-rate="1" complexity="1">
              <lines>
                <line number="38" hits="3" branch="False" />
                <line number="39" hits="3" branch="False" />
                <line number="40" hits="3" branch="False" />
                <line number="41" hits="3" branch="False" />
              </lines>
            </method>
            <method name=".ctor" signature="()" line-rate="1" branch-rate="1" complexity="1">
              <lines>
                <line number="10" hits="10" branch="False" />
                <line number="11" hits="10" branch="False" />
              </lines>
            </method>
          </methods>
          <lines>
            <line number="14" hits="3" branch="False" />
            <line number="18" hits="9" branch="False" />
            <line number="19" hits="9" branch="False" />
            <line number="20" hits="8" branch="True" condition-coverage="100% (2/2)">
              <conditions>
                <condition number="25" type="jump" coverage="100%" />
              </conditions>
            </line>
            <line number="21" hits="1" branch="False" />
            <line number="22" hits="1" branch="False" />
            <line number="23" hits="1" branch="False" />
            <line number="25" hits="7" branch="False" />
            <line number="29" hits="13" branch="False" />
            <line number="30" hits="13" branch="False" />
            <line number="31" hits="13" branch="False" />
            <line number="33" hits="13" branch="False" />
            <line number="34" hits="13" branch="False" />
            <line number="38" hits="3" branch="False" />
            <line number="39" hits="3" branch="False" />
            <line number="40" hits="3" branch="False" />
            <line number="41" hits="3" branch="False" />
            <line number="10" hits="10" branch="False" />
            <line number="11" hits="10" branch="False" />
          </lines>
        </class>
        <class name="LeanKernel.Logic.Tools.ToolResult" filename="Common/LeanKernel.Logic/Tools/ToolResult.cs" line-rate="1" branch-rate="0.8332999999999999" complexity="6">
          <methods>
            <method name="ToString" signature="()" line-rate="1" branch-rate="0.8332999999999999" complexity="6">
              <lines>
                <line number="33" hits="3" branch="True" condition-coverage="83.33% (5/6)">
                  <conditions>
                    <condition number="6" type="jump" coverage="100%" />
                    <condition number="20" type="jump" coverage="50%" />
                    <condition number="42" type="jump" coverage="100%" />
                  </conditions>
                </line>
              </lines>
            </method>
          </methods>
          <lines>
            <line number="33" hits="3" branch="True" condition-coverage="83.33% (5/6)">
              <conditions>
                <condition number="6" type="jump" coverage="100%" />
                <condition number="20" type="jump" coverage="50%" />
                <condition number="42" type="jump" coverage="100%" />
              </conditions>
            </line>
          </lines>
        </class>
        <class name="LeanKernel.Logic.Providers.DbChatHistoryProvider" filename="Common/LeanKernel.Logic/Providers/DbChatHistoryProvider.cs" line-rate="0.9111" branch-rate="0.625" complexity="17">
          <methods>
            <method name="AddRequestTurns" signature="(LeanKernel.Data.EntityContext,System.Collections.Generic.IEnumerable`1&lt;Microsoft.Extensions.AI.ChatMessage&gt;,System.Guid)" line-rate="0.7777" branch-rate="0.75" complexity="4">
              <lines>
                <line number="159" hits="6" branch="False" />
                <line number="160" hits="6" branch="True" condition-coverage="50% (1/2)">
                  <conditions>
                    <condition number="7" type="jump" coverage="50%" />
                  </conditions>
                </line>
                <line number="161" hits="0" branch="False" />
                <line number="162" hits="0" branch="False" />
                <line number="165" hits="20" branch="True" condition-coverage="100% (2/2)">
                  <conditions>
                    <condition number="112" type="jump" coverage="100%" />
                  </conditions>
                </line>
                <line number="166" hits="1" branch="False" />
                <line number="167" hits="1" branch="False" />
                <line number="168" hits="1" branch="False" />
                <line number="169" hits="6" branch="False" />
              </lines>
            </method>
            <method name="AddResponseTurns" signature="(LeanKernel.Data.EntityContext,System.Collections.Generic.IEnumerable`1&lt;Microsoft.Extensions.AI.ChatMessage&gt;,System.Guid)" line-rate="0.7777" branch-rate="0.75" complexity="4">
              <lines>
                <line number="175" hits="6" branch="False" />
                <line number="176" hits="6" branch="True" condition-coverage="50% (1/2)">
                  <conditions>
                    <condition number="7" type="jump" coverage="50%" />
                  </conditions>
                </line>
                <line number="177" hits="0" branch="False" />
                <line number="178" hits="0" branch="False" />
                <line number="181" hits="20" branch="True" condition-coverage="100% (2/2)">
                  <conditions>
                    <condition number="93" type="jump" coverage="100%" />
                  </conditions>
                </line>
                <line number="182" hits="1" branch="False" />
                <line number="183" hits="1" branch="False" />
                <line number="184" hits="1" branch="False" />
                <line number="185" hits="6" branch="False" />
              </lines>
            </method>
            <method name="ShouldPersistRequestMessage" signature="(Microsoft.Extensions.AI.ChatMessage)" line-rate="1" branch-rate="0.5" complexity="4">
              <lines>
                <line number="191" hits="1" branch="False" />
                <line number="192" hits="1" branch="True" condition-coverage="50% (2/4)">
                  <conditions>
                    <condition number="17" type="jump" coverage="50%" />
                    <condition number="35" type="jump" coverage="50%" />
                  </conditions>
                </line>
                <line number="193" hits="1" branch="False" />
                <line number="194" hits="1" branch="False" />
              </lines>
            </method>
            <method name="ShouldPersistResponseMessage" signature="(Microsoft.Extensions.AI.ChatMessage)" line-rate="1" branch-rate="0.5" complexity="2">
              <lines>
                <line number="200" hits="1" branch="False" />
                <line number="201" hits="1" branch="True" condition-coverage="50% (1/2)">
                  <conditions>
                    <condition number="17" type="jump" coverage="50%" />
                  </conditions>
                </line>
                <line number="202" hits="1" branch="False" />
              </lines>
            </method>
            <method name="ToTurnEntity" signature="(Microsoft.Extensions.AI.ChatMessage,System.Guid,System.String)" line-rate="1" branch-rate="0.5" complexity="2">
              <lines>
                <line number="208" hits="2" branch="False" />
                <line number="209" hits="2" branch="True" condition-coverage="50% (1/2)">
                  <conditions>
                    <condition number="63" type="jump" coverage="50%" />
                  </conditions>
                </line>
                <line number="210" hits="2" branch="False" />
                <line number="211" hits="2" branch="False" />
                <line number="212" hits="2" branch="False" />
                <line number="213" hits="2" branch="False" />
                <line number="214" hits="2" branch="False" />
                <line number="215" hits="2" branch="False" />
                <line number="216" hits="2" branch="False" />
                <line number="217" hits="2" branch="False" />
                <line number="218" hits="2" branch="False" />
                <line number="219" hits="2" branch="False" />
                <line number="220" hits="2" branch="False" />
                <line number="221" hits="2" branch="False" />
                <line number="222" hits="2" branch="False" />
                <line number="223" hits="2" branch="False" />
                <line number="224" hits="2" branch="False" />
              </lines>
            </method>
            <method name=".ctor" signature="(Microsoft.EntityFrameworkCore.IDbContextFactory`1&lt;LeanKernel.Data.EntityContext&gt;,LeanKernel.IPermit)" line-rate="1" branch-rate="1" complexity="1">
              <lines>
                <line number="13" hits="15" branch="False" />
                <line number="14" hits="15" branch="False" />
                <line number="15" hits="15" branch="False" />
              </lines>
            </method>
          </methods>
          <lines>
            <line number="159" hits="6" branch="False" />
            <line number="160" hits="6" branch="True" condition-coverage="50% (1/2)">
              <conditions>
                <condition number="7" type="jump" coverage="50%" />
              </conditions>
            </line>
            <line number="161" hits="0" branch="False" />
            <line number="162" hits="0" branch="False" />
            <line number="165" hits="20" branch="True" condition-coverage="100% (2/2)">
              <conditions>
                <condition number="112" type="jump" coverage="100%" />
              </conditions>
            </line>
            <line number="166" hits="1" branch="False" />
            <line number="167" hits="1" branch="False" />
            <line number="168" hits="1" branch="False" />
            <line number="169" hits="6" branch="False" />
            <line number="175" hits="6" branch="False" />
            <line number="176" hits="6" branch="True" condition-coverage="50% (1/2)">
              <conditions>
                <condition number="7" type="jump" coverage="50%" />
              </conditions>
            </line>
            <line number="177" hits="0" branch="False" />
            <line number="178" hits="0" branch="False" />
            <line number="181" hits="20" branch="True" condition-coverage="100% (2/2)">
              <conditions>
                <condition number="93" type="jump" coverage="100%" />
              </conditions>
            </line>
            <line number="182" hits="1" branch="False" />
            <line number="183" hits="1" branch="False" />
            <line number="184" hits="1" branch="False" />
            <line number="185" hits="6" branch="False" />
            <line number="191" hits="1" branch="False" />
            <line number="192" hits="1" branch="True" condition-coverage="50% (2/4)">
              <conditions>
                <condition number="17" type="jump" coverage="50%" />
                <condition number="35" type="jump" coverage="50%" />
              </conditions>
            </line>
            <line number="193" hits="1" branch="False" />
            <line number="194" hits="1" branch="False" />
            <line number="200" hits="1" branch="False" />
            <line number="201" hits="1" branch="True" condition-coverage="50% (1/2)">
              <conditions>
                <condition number="17" type="jump" coverage="50%" />
              </conditions>
            </line>
            <line number="202" hits="1" branch="False" />
            <line number="208" hits="2" branch="False" />
            <line number="209" hits="2" branch="True" condition-coverage="50% (1/2)">
              <conditions>
                <condition number="63" type="jump" coverage="50%" />
              </conditions>
            </line>
            <line number="210" hits="2" branch="False" />
            <line number="211" hits="2" branch="False" />
            <line number="212" hits="2" branch="False" />
            <line number="213" hits="2" branch="False" />
            <line number="214" hits="2" branch="False" />
            <line number="215" hits="2" branch="False" />
            <line number="216" hits="2" branch="False" />
            <line number="217" hits="2" branch="False" />
            <line number="218" hits="2" branch="False" />
            <line number="219" hits="2" branch="False" />
            <line number="220" hits="2" branch="False" />
            <line number="221" hits="2" branch="False" />
            <line number="222" hits="2" branch="False" />
            <line number="223" hits="2" branch="False" />
            <line number="224" hits="2" branch="False" />
            <line number="13" hits="15" branch="False" />
            <line number="14" hits="15" branch="False" />
            <line number="15" hits="15" branch="False" />
          </lines>
        </class>
        <class name="LeanKernel.Logic.Providers.IdentityResolver" filename="Common/LeanKernel.Logic/Providers/IdentityResolver.cs" line-rate="1" branch-rate="1" complexity="1">
          <methods>
            <method name=".ctor" signature="(Microsoft.EntityFrameworkCore.IDbContextFactory`1&lt;LeanKernel.Data.EntityContext&gt;,Microsoft.Extensions.Logging.ILogger`1&lt;LeanKernel.Logic.Providers.IdentityResolver&gt;)" line-rate="1" branch-rate="1" complexity="1">
              <lines>
                <line number="12" hits="5" branch="False" />
                <line number="13" hits="5" branch="False" />
                <line number="14" hits="5" branch="False" />
              </lines>
            </method>
          </methods>
          <lines>
            <line number="12" hits="5" branch="False" />
            <line number="13" hits="5" branch="False" />
            <line number="14" hits="5" branch="False" />
          </lines>
        </class>
        <class name="LeanKernel.Logic.Providers.StubMemoryClient" filename="Common/LeanKernel.Logic/Providers/IMemoryClient.cs" line-rate="1" branch-rate="1" complexity="2">
          <methods>
            <method name="SearchMemoriesAsync" signature="(LeanKernel.Logic.Providers.MemoryScope,System.String,System.Int32,System.Threading.CancellationToken)" line-rate="1" branch-rate="1" complexity="1">
              <lines>
                <line number="99" hits="11" branch="False" />
                <line number="100" hits="11" branch="False" />
                <line number="101" hits="11" branch="False" />
              </lines>
            </method>
            <method name="SaveMemoryAsync" signature="(LeanKernel.Logic.Providers.MemoryScope,System.String,System.String,System.Threading.CancellationToken)" line-rate="1" branch-rate="1" complexity="1">
              <lines>
                <line number="109" hits="1" branch="False" />
                <line number="110" hits="1" branch="False" />
                <line number="111" hits="1" branch="False" />
              </lines>
            </method>
          </methods>
          <lines>
            <line number="99" hits="11" branch="False" />
            <line number="100" hits="11" branch="False" />
            <line number="101" hits="11" branch="False" />
            <line number="109" hits="1" branch="False" />
            <line number="110" hits="1" branch="False" />
            <line number="111" hits="1" branch="False" />
          </lines>
        </class>
        <class name="LeanKernel.Logic.Providers.MemoryProvider" filename="Common/LeanKernel.Logic/Providers/MemoryProvider.cs" line-rate="0.8636" branch-rate="0.25" complexity="6">
          <methods>
            <method name="StoreAIContextAsync" signature="(Microsoft.Agents.AI.AIContextProvider/InvokedContext,System.Threading.CancellationToken)" line-rate="1" branch-rate="1" complexity="1">
              <lines>
                <line number="76" hits="2" branch="False" />
                <line number="77" hits="2" branch="False" />
                <line number="78" hits="2" branch="False" />
              </lines>
            </method>
            <method name="BuildCompactSummary" signature="(System.String,System.String)" line-rate="0.7" branch-rate="0.25" complexity="4">
              <lines>
                <line number="159" hits="1" branch="False" />
                <line number="161" hits="1" branch="False" />
                <line number="162" hits="1" branch="False" />
                <line number="163" hits="1" branch="False" />
                <line number="164" hits="1" branch="False" />
                <line number="165" hits="1" branch="True" condition-coverage="50% (1/2)">
                  <conditions>
                    <condition number="212" type="jump" coverage="50%" />
                  </conditions>
                </line>
                <line number="167" hits="0" branch="False" />
                <line number="168" hits="0" branch="False" />
                <line number="169" hits="0" branch="True" condition-coverage="0% (0/2)">
                  <conditions>
                    <condition number="246" type="jump" coverage="0%" />
                  </conditions>
                </line>
                <line number="171" hits="1" branch="False" />
              </lines>
            </method>
            <method name=".ctor" signature="(LeanKernel.Logic.Providers.IMemoryClient,LeanKernel.IPermit,LeanKernel.Logic.Memory.MemoryPageParser,LeanKernel.Logic.Memory.MemoryPageRenderer,LeanKernel.Logic.Memory.MemoryPageNormalizer,LeanKernel.Logic.Memory.FactExtractionService,System.TimeProvider,Microsoft.Extensions.Logging.ILogger`1&lt;LeanKernel.Logic.Providers.MemoryProvider&gt;)" line-rate="1" branch-rate="1" complexity="1">
              <lines>
                <line number="12" hits="5" branch="False" />
                <line number="13" hits="5" branch="False" />
                <line number="14" hits="5" branch="False" />
                <line number="15" hits="5" branch="False" />
                <line number="16" hits="5" branch="False" />
                <line number="17" hits="5" branch="False" />
                <line number="18" hits="5" branch="False" />
                <line number="19" hits="5" branch="False" />
                <line number="20" hits="5" branch="False" />
              </lines>
            </method>
          </methods>
          <lines>
            <line number="76" hits="2" branch="False" />
            <line number="77" hits="2" branch="False" />
            <line number="78" hits="2" branch="False" />
            <line number="159" hits="1" branch="False" />
            <line number="161" hits="1" branch="False" />
            <line number="162" hits="1" branch="False" />
            <line number="163" hits="1" branch="False" />
            <line number="164" hits="1" branch="False" />
            <line number="165" hits="1" branch="True" condition-coverage="50% (1/2)">
              <conditions>
                <condition number="212" type="jump" coverage="50%" />
              </conditions>
            </line>
            <line number="167" hits="0" branch="False" />
            <line number="168" hits="0" branch="False" />
            <line number="169" hits="0" branch="True" condition-coverage="0% (0/2)">
              <conditions>
                <condition number="246" type="jump" coverage="0%" />
              </conditions>
            </line>
            <line number="171" hits="1" branch="False" />
            <line number="12" hits="5" branch="False" />
            <line number="13" hits="5" branch="False" />
            <line number="14" hits="5" branch="False" />
            <line number="15" hits="5" branch="False" />
            <line number="16" hits="5" branch="False" />
            <line number="17" hits="5" branch="False" />
            <line number="18" hits="5" branch="False" />
            <line number="19" hits="5" branch="False" />
            <line number="20" hits="5" branch="False" />
          </lines>
        </class>
        <class name="LeanKernel.Logic.Memory.DisabledChatClient" filename="Common/LeanKernel.Logic/Memory/DisabledChatClient.cs" line-rate="0.75" branch-rate="1" complexity="4">
          <methods>
            <method name="GetResponseAsync" signature="(System.Collections.Generic.IEnumerable`1&lt;Microsoft.Extensions.AI.ChatMessage&gt;,Microsoft.Extensions.AI.ChatOptions,System.Threading.CancellationToken)" line-rate="1" branch-rate="1" complexity="1">
              <lines>
                <line number="15" hits="1" branch="False" />
                <line number="16" hits="1" branch="False" />
              </lines>
            </method>
            <method name="GetStreamingResponseAsync" signature="(System.Collections.Generic.IEnumerable`1&lt;Microsoft.Extensions.AI.ChatMessage&gt;,Microsoft.Extensions.AI.ChatOptions,System.Threading.CancellationToken)" line-rate="0" branch-rate="1" complexity="1">
              <lines>
                <line number="24" hits="0" branch="False" />
                <line number="25" hits="0" branch="False" />
              </lines>
            </method>
            <method name="GetService" signature="(System.Type,System.Object)" line-rate="1" branch-rate="1" complexity="1">
              <lines>
                <line number="30" hits="2" branch="False" />
                <line number="31" hits="2" branch="False" />
                <line number="32" hits="2" branch="False" />
              </lines>
            </method>
            <method name="Dispose" signature="()" line-rate="1" branch-rate="1" complexity="1">
              <lines>
                <line number="35" hits="3" branch="False" />
              </lines>
            </method>
          </methods>
          <lines>
            <line number="15" hits="1" branch="False" />
            <line number="16" hits="1" branch="False" />
            <line number="24" hits="0" branch="False" />
            <line number="25" hits="0" branch="False" />
            <line number="30" hits="2" branch="False" />
            <line number="31" hits="2" branch="False" />
            <line number="32" hits="2" branch="False" />
            <line number="35" hits="3" branch="False" />
          </lines>
        </class>
        <class name="LeanKernel.Logic.Memory.FactExtractionService" filename="Common/LeanKernel.Logic/Memory/FactExtractionService.cs" line-rate="0.95" branch-rate="0.7142000000000001" complexity="16">
          <methods>
            <method name="RenderSeedPage" signature="(System.String,System.String,System.String,System.DateTimeOffset)" line-rate="1" branch-rate="1" complexity="1">
              <lines>
                <line number="76" hits="2" branch="False" />
                <line number="77" hits="2" branch="False" />
                <line number="78" hits="2" branch="False" />
              </lines>
            </method>
            <method name="BuildConversationTranscript" signature="(System.String,System.String,System.Collections.Generic.IReadOnlyList`1&lt;Microsoft.Extensions.AI.ChatMessage&gt;)" line-rate="1" branch-rate="0.8332999999999999" complexity="6">
              <lines>
                <line number="91" hits="4" branch="False" />
                <line number="92" hits="4" branch="False" />
                <line number="93" hits="4" branch="True" condition-coverage="100% (2/2)">
                  <conditions>
                    <condition number="18" type="jump" coverage="100%" />
                  </conditions>
                </line>
                <line number="94" hits="4" branch="False" />
                <line number="95" hits="4" branch="False" />
                <line number="96" hits="4" branch="False" />
                <line number="98" hits="4" branch="True" condition-coverage="100% (2/2)">
                  <conditions>
                    <condition number="51" type="jump" coverage="100%" />
                  </conditions>
                </line>
                <line number="99" hits="3" branch="False" />
                <line number="100" hits="3" branch="False" />
                <line number="101" hits="3" branch="False" />
                <line number="102" hits="3" branch="False" />
                <line number="104" hits="4" branch="False" />
                <line number="105" hits="4" branch="False" />
                <line number="106" hits="4" branch="True" condition-coverage="50% (1/2)">
                  <conditions>
                    <condition number="170" type="jump" coverage="50%" />
                  </conditions>
                </line>
                <line number="107" hits="4" branch="False" />
                <line number="108" hits="4" branch="False" />
                <line number="109" hits="4" branch="False" />
              </lines>
            </method>
            <method name="ParseFacts" signature="(System.String)" line-rate="0.9031999999999999" branch-rate="0.625" complexity="8">
              <lines>
                <line number="117" hits="6" branch="False" />
                <line number="118" hits="6" branch="True" condition-coverage="50% (1/2)">
                  <conditions>
                    <condition number="9" type="jump" coverage="50%" />
                  </conditions>
                </line>
                <line number="119" hits="0" branch="False" />
                <line number="120" hits="0" branch="False" />
                <line number="123" hits="6" branch="False" />
                <line number="124" hits="6" branch="True" condition-coverage="75% (3/4)">
                  <conditions>
                    <condition number="42" type="jump" coverage="50%" />
                    <condition number="60" type="jump" coverage="100%" />
                  </conditions>
                </line>
                <line number="125" hits="1" branch="False" />
                <line number="126" hits="1" branch="False" />
                <line number="130" hits="5" branch="False" />
                <line number="131" hits="5" branch="False" />
                <line number="132" hits="3" branch="True" condition-coverage="50% (1/2)">
                  <conditions>
                    <condition number="117" type="jump" coverage="50%" />
                  </conditions>
                </line>
                <line number="133" hits="3" branch="False" />
                <line number="134" hits="3" branch="False" />
                <line number="135" hits="3" branch="False" />
                <line number="136" hits="3" branch="False" />
                <line number="137" hits="3" branch="False" />
                <line number="138" hits="3" branch="False" />
                <line number="139" hits="3" branch="False" />
                <line number="140" hits="3" branch="False" />
                <line number="141" hits="3" branch="False" />
                <line number="143" hits="0" branch="False" />
                <line number="144" hits="2" branch="False" />
                <line number="145" hits="2" branch="False" />
                <line number="147" hits="2" branch="False" />
                <line number="149" hits="2" branch="False" />
                <line number="150" hits="2" branch="False" />
                <line number="151" hits="2" branch="False" />
                <line number="152" hits="2" branch="False" />
                <line number="153" hits="2" branch="False" />
                <line number="154" hits="2" branch="False" />
                <line number="155" hits="6" branch="False" />
              </lines>
            </method>
            <method name=".ctor" signature="(Microsoft.Extensions.AI.IChatClient,Microsoft.Extensions.Options.IOptions`1&lt;LeanKernel.Logic.Configuration.FactExtractionSettings&gt;,LeanKernel.Logic.Memory.MemoryPageRenderer)" line-rate="1" branch-rate="1" complexity="1">
              <lines>
                <line number="25" hits="7" branch="False" />
                <line number="26" hits="7" branch="False" />
                <line number="27" hits="7" branch="False" />
                <line number="28" hits="7" branch="False" />
                <line number="29" hits="7" branch="False" />
                <line number="30" hits="7" branch="False" />
                <line number="31" hits="7" branch="False" />
                <line number="32" hits="7" branch="False" />
                <line number="33" hits="7" branch="False" />
              </lines>
            </method>
          </methods>
          <lines>
            <line number="76" hits="2" branch="False" />
            <line number="77" hits="2" branch="False" />
            <line number="78" hits="2" branch="False" />
            <line number="91" hits="4" branch="False" />
            <line number="92" hits="4" branch="False" />
            <line number="93" hits="4" branch="True" condition-coverage="100% (2/2)">
              <conditions>
                <condition number="18" type="jump" coverage="100%" />
              </conditions>
            </line>
            <line number="94" hits="4" branch="False" />
            <line number="95" hits="4" branch="False" />
            <line number="96" hits="4" branch="False" />
            <line number="98" hits="4" branch="True" condition-coverage="100% (2/2)">
              <conditions>
                <condition number="51" type="jump" coverage="100%" />
              </conditions>
            </line>
            <line number="99" hits="3" branch="False" />
            <line number="100" hits="3" branch="False" />
            <line number="101" hits="3" branch="False" />
            <line number="102" hits="3" branch="False" />
            <line number="104" hits="4" branch="False" />
            <line number="105" hits="4" branch="False" />
            <line number="106" hits="4" branch="True" condition-coverage="50% (1/2)">
              <conditions>
                <condition number="170" type="jump" coverage="50%" />
              </conditions>
            </line>
            <line number="107" hits="4" branch="False" />
            <line number="108" hits="4" branch="False" />
            <line number="109" hits="4" branch="False" />
            <line number="117" hits="6" branch="False" />
            <line number="118" hits="6" branch="True" condition-coverage="50% (1/2)">
              <conditions>
                <condition number="9" type="jump" coverage="50%" />
              </conditions>
            </line>
            <line number="119" hits="0" branch="False" />
            <line number="120" hits="0" branch="False" />
            <line number="123" hits="6" branch="False" />
            <line number="124" hits="6" branch="True" condition-coverage="75% (3/4)">
              <conditions>
                <condition number="42" type="jump" coverage="50%" />
                <condition number="60" type="jump" coverage="100%" />
              </conditions>
            </line>
            <line number="125" hits="1" branch="False" />
            <line number="126" hits="1" branch="False" />
            <line number="130" hits="5" branch="False" />
            <line number="131" hits="5" branch="False" />
            <line number="132" hits="3" branch="True" condition-coverage="50% (1/2)">
              <conditions>
                <condition number="117" type="jump" coverage="50%" />
              </conditions>
            </line>
            <line number="133" hits="3" branch="False" />
            <line number="134" hits="3" branch="False" />
            <line number="135" hits="3" branch="False" />
            <line number="136" hits="3" branch="False" />
            <line number="137" hits="3" branch="False" />
            <line number="138" hits="3" branch="False" />
            <line number="139" hits="3" branch="False" />
            <line number="140" hits="3" branch="False" />
            <line number="141" hits="3" branch="False" />
            <line number="143" hits="0" branch="False" />
            <line number="144" hits="2" branch="False" />
            <line number="145" hits="2" branch="False" />
            <line number="147" hits="2" branch="False" />
            <line number="149" hits="2" branch="False" />
            <line number="150" hits="2" branch="False" />
            <line number="151" hits="2" branch="False" />
            <line number="152" hits="2" branch="False" />
            <line number="153" hits="2" branch="False" />
            <line number="154" hits="2" branch="False" />
            <line number="155" hits="6" branch="False" />
            <line number="25" hits="7" branch="False" />
            <line number="26" hits="7" branch="False" />
            <line number="27" hits="7" branch="False" />
            <line number="28" hits="7" branch="False" />
            <line number="29" hits="7" branch="False" />
            <line number="30" hits="7" branch="False" />
            <line number="31" hits="7" branch="False" />
            <line number="32" hits="7" branch="False" />
            <line number="33" hits="7" branch="False" />
          </lines>
        </class>
        <class name="LeanKernel.Logic.Memory.MemoryDimensionClassifier" filename="Common/LeanKernel.Logic/Memory/MemoryDimensionClassifier.cs" line-rate="0.9066" branch-rate="0.9285" complexity="44">
          <methods>
            <method name="ScoreDeterministic" signature="(System.Collections.Generic.IReadOnlyDictionary`2&lt;System.String,System.String&gt;,LeanKernel.Logic.Memory.MemoryPageSnapshot)" line-rate="1" branch-rate="1" complexity="12">
              <lines>
                <line number="149" hits="6" branch="False" />
                <line number="150" hits="6" branch="False" />
                <line number="151" hits="90" branch="True" condition-coverage="100% (2/2)">
                  <conditions>
                    <condition number="268" type="jump" coverage="100%" />
                  </conditions>
                </line>
                <line number="152" hits="36" branch="False" />
                <line number="153" hits="36" branch="False" />
                <line number="154" hits="36" branch="False" />
                <line number="155" hits="36" branch="False" />
                <line number="156" hits="36" branch="True" condition-coverage="100% (2/2)">
                  <conditions>
                    <condition number="66" type="jump" coverage="100%" />
                  </conditions>
                </line>
                <line number="157" hits="20" branch="False" />
                <line number="158" hits="20" branch="False" />
                <line number="159" hits="20" branch="True" condition-coverage="100% (2/2)">
                  <conditions>
                    <condition number="100" type="jump" coverage="100%" />
                  </conditions>
                </line>
                <line number="160" hits="4" branch="False" />
                <line number="161" hits="4" branch="False" />
                <line number="162" hits="4" branch="False" />
                <line number="163" hits="4" branch="False" />
                <line number="165" hits="20" branch="True" condition-coverage="100% (2/2)">
                  <conditions>
                    <condition number="141" type="jump" coverage="100%" />
                  </conditions>
                </line>
[...]
                <line number="108" hits="3" branch="False" />
                <line number="109" hits="3" branch="False" />
                <line number="110" hits="3" branch="False" />
                <line number="111" hits="3" branch="False" />
                <line number="112" hits="3" branch="False" />
                <line number="113" hits="3" branch="False" />
                <line number="114" hits="3" branch="False" />
                <line number="115" hits="3" branch="False" />
                <line number="116" hits="3" branch="False" />
                <line number="117" hits="3" branch="False" />
                <line number="118" hits="3" branch="False" />
                <line number="121" hits="3" branch="False" />
                <line number="122" hits="3" branch="False" />
                <line number="123" hits="3" branch="False" />
                <line number="124" hits="3" branch="False" />
                <line number="125" hits="3" branch="False" />
                <line number="126" hits="3" branch="False" />
                <line number="127" hits="3" branch="False" />
                <line number="128" hits="3" branch="False" />
                <line number="129" hits="3" branch="False" />
                <line number="130" hits="3" branch="False" />
                <line number="131" hits="3" branch="False" />
                <line number="132" hits="3" branch="False" />
                <line number="133" hits="3" branch="False" />
                <line number="134" hits="3" branch="False" />
                <line number="135" hits="3" branch="False" />
                <line number="136" hits="3" branch="False" />
                <line number="139" hits="3" branch="False" />
                <line number="140" hits="3" branch="False" />
                <line number="141" hits="3" branch="False" />
                <line number="142" hits="3" branch="False" />
                <line number="143" hits="3" branch="False" />
                <line number="144" hits="3" branch="False" />
                <line number="145" hits="3" branch="False" />
              </lines>
            </method>
            <method name=".ctor" signature="(Microsoft.EntityFrameworkCore.DbContextOptions`1&lt;LeanKernel.Data.EntityContext&gt;)" line-rate="1" branch-rate="1" complexity="1">
              <lines>
                <line number="15" hits="52" branch="False" />
                <line number="16" hits="52" branch="False" />
                <line number="17" hits="52" branch="False" />
              </lines>
            </method>
          </methods>
          <lines>
            <line number="22" hits="19" branch="False" />
            <line number="27" hits="10" branch="False" />
            <line number="32" hits="29" branch="False" />
            <line number="37" hits="22" branch="False" />
            <line number="42" hits="24" branch="False" />
            <line number="47" hits="28" branch="False" />
            <line number="54" hits="3" branch="False" />
            <line number="55" hits="3" branch="False" />
            <line number="58" hits="3" branch="False" />
            <line number="59" hits="3" branch="False" />
            <line number="60" hits="3" branch="False" />
            <line number="61" hits="3" branch="False" />
            <line number="62" hits="3" branch="False" />
            <line number="63" hits="3" branch="False" />
            <line number="64" hits="3" branch="False" />
            <line number="65" hits="3" branch="False" />
            <line number="66" hits="3" branch="False" />
            <line number="67" hits="3" branch="False" />
            <line number="68" hits="3" branch="False" />
            <line number="69" hits="3" branch="False" />
            <line number="70" hits="3" branch="False" />
            <line number="71" hits="3" branch="False" />
            <line number="72" hits="3" branch="False" />
            <line number="73" hits="3" branch="False" />
            <line number="74" hits="3" branch="False" />
            <line number="75" hits="3" branch="False" />
            <line number="76" hits="3" branch="False" />
            <line number="77" hits="3" branch="False" />
            <line number="78" hits="3" branch="False" />
            <line number="79" hits="3" branch="False" />
            <line number="82" hits="3" branch="False" />
            <line number="83" hits="3" branch="False" />
            <line number="84" hits="3" branch="False" />
            <line number="85" hits="3" branch="False" />
            <line number="86" hits="3" branch="False" />
            <line number="87" hits="3" branch="False" />
            <line number="88" hits="3" branch="False" />
            <line number="89" hits="3" branch="False" />
            <line number="90" hits="3" branch="False" />
            <line number="91" hits="3" branch="False" />
            <line number="92" hits="3" branch="False" />
            <line number="93" hits="3" branch="False" />
            <line number="94" hits="3" branch="False" />
            <line number="95" hits="3" branch="False" />
            <line number="98" hits="3" branch="False" />
            <line number="99" hits="3" branch="False" />
            <line number="100" hits="3" branch="False" />
            <line number="101" hits="3" branch="False" />
            <line number="102" hits="3" branch="False" />
            <line number="103" hits="3" branch="False" />
            <line number="104" hits="3" branch="False" />
            <line number="105" hits="3" branch="False" />
            <line number="108" hits="3" branch="False" />
            <line number="109" hits="3" branch="False" />
            <line number="110" hits="3" branch="False" />
            <line number="111" hits="3" branch="False" />
            <line number="112" hits="3" branch="False" />
            <line number="113" hits="3" branch="False" />
            <line number="114" hits="3" branch="False" />
            <line number="115" hits="3" branch="False" />
            <line number="116" hits="3" branch="False" />
            <line number="117" hits="3" branch="False" />
            <line number="118" hits="3" branch="False" />
            <line number="121" hits="3" branch="False" />
            <line number="122" hits="3" branch="False" />
            <line number="123" hits="3" branch="False" />
            <line number="124" hits="3" branch="False" />
            <line number="125" hits="3" branch="False" />
            <line number="126" hits="3" branch="False" />
            <line number="127" hits="3" branch="False" />
            <line number="128" hits="3" branch="False" />
            <line number="129" hits="3" branch="False" />
            <line number="130" hits="3" branch="False" />
            <line number="131" hits="3" branch="False" />
            <line number="132" hits="3" branch="False" />
            <line number="133" hits="3" branch="False" />
            <line number="134" hits="3" branch="False" />
            <line number="135" hits="3" branch="False" />
            <line number="136" hits="3" branch="False" />
            <line number="139" hits="3" branch="False" />
            <line number="140" hits="3" branch="False" />
            <line number="141" hits="3" branch="False" />
            <line number="142" hits="3" branch="False" />
            <line number="143" hits="3" branch="False" />
            <line number="144" hits="3" branch="False" />
            <line number="145" hits="3" branch="False" />
            <line number="15" hits="52" branch="False" />
            <line number="16" hits="52" branch="False" />
            <line number="17" hits="52" branch="False" />
          </lines>
        </class>
        <class name="LeanKernel.Data.Interceptors.AuditableInterceptor" filename="Common/LeanKernel.Data/Interceptors/AuditableInterceptor.cs" line-rate="1" branch-rate="0.8332999999999999" complexity="14">
          <methods>
            <method name="SavingChanges" signature="(Microsoft.EntityFrameworkCore.Diagnostics.DbContextEventData,Microsoft.EntityFrameworkCore.Diagnostics.InterceptionResult`1&lt;System.Int32&gt;)" line-rate="1" branch-rate="0.8332999999999999" complexity="12">
              <lines>
                <line number="17" hits="3" branch="False" />
                <line number="18" hits="3" branch="True" condition-coverage="50% (2/4)">
                  <conditions>
                    <condition number="8" type="jump" coverage="50%" />
                    <condition number="25" type="jump" coverage="50%" />
                  </conditions>
                </line>
                <line number="20" hits="21" branch="True" condition-coverage="100% (2/2)">
                  <conditions>
                    <condition number="181" type="jump" coverage="100%" />
                  </conditions>
                </line>
                <line number="21" hits="6" branch="False" />
                <line number="22" hits="6" branch="True" condition-coverage="100% (2/2)">
                  <conditions>
                    <condition number="75" type="jump" coverage="100%" />
                  </conditions>
                </line>
                <line number="23" hits="3" branch="False" />
                <line number="24" hits="3" branch="True" condition-coverage="100% (4/4)">
                  <conditions>
                    <condition number="93" type="jump" coverage="100%" />
                    <condition number="100" type="jump" coverage="100%" />
                  </conditions>
                </line>
                <line number="27" hits="2" branch="False" />
                <line number="28" hits="2" branch="False" />
                <line number="29" hits="2" branch="False" />
                <line number="31" hits="1" branch="False" />
                <line number="32" hits="1" branch="False" />
                <line number="33" hits="1" branch="False" />
                <line number="35" hits="3" branch="False" />
                <line number="36" hits="6" branch="False" />
                <line number="37" hits="3" branch="False" />
                <line number="38" hits="3" branch="False" />
              </lines>
            </method>
            <method name="SavingChangesAsync" signature="(Microsoft.EntityFrameworkCore.Diagnostics.DbContextEventData,Microsoft.EntityFrameworkCore.Diagnostics.InterceptionResult`1&lt;System.Int32&gt;,System.Threading.CancellationToken)" line-rate="1" branch-rate="1" complexity="1">
              <lines>
                <line number="45" hits="3" branch="False" />
                <line number="46" hits="3" branch="False" />
                <line number="47" hits="3" branch="False" />
              </lines>
            </method>
            <method name=".ctor" signature="(LeanKernel.IPermit)" line-rate="1" branch-rate="1" complexity="1">
              <lines>
                <line number="11" hits="2" branch="False" />
              </lines>
            </method>
          </methods>
          <lines>
            <line number="17" hits="3" branch="False" />
            <line number="18" hits="3" branch="True" condition-coverage="50% (2/4)">
              <conditions>
                <condition number="8" type="jump" coverage="50%" />
                <condition number="25" type="jump" coverage="50%" />
              </conditions>
            </line>
            <line number="20" hits="21" branch="True" condition-coverage="100% (2/2)">
              <conditions>
                <condition number="181" type="jump" coverage="100%" />
              </conditions>
            </line>
            <line number="21" hits="6" branch="False" />
            <line number="22" hits="6" branch="True" condition-coverage="100% (2/2)">
              <conditions>
                <condition number="75" type="jump" coverage="100%" />
              </conditions>
            </line>
            <line number="23" hits="3" branch="False" />
            <line number="24" hits="3" branch="True" condition-coverage="100% (4/4)">
              <conditions>
                <condition number="93" type="jump" coverage="100%" />
                <condition number="100" type="jump" coverage="100%" />
              </conditions>
            </line>
            <line number="27" hits="2" branch="False" />
            <line number="28" hits="2" branch="False" />
            <line number="29" hits="2" branch="False" />
            <line number="31" hits="1" branch="False" />
            <line number="32" hits="1" branch="False" />
            <line number="33" hits="1" branch="False" />
            <line number="35" hits="3" branch="False" />
            <line number="36" hits="6" branch="False" />
            <line number="37" hits="3" branch="False" />
            <line number="38" hits="3" branch="False" />
            <line number="45" hits="3" branch="False" />
            <line number="46" hits="3" branch="False" />
            <line number="47" hits="3" branch="False" />
            <line number="11" hits="2" branch="False" />
          </lines>
        </class>
        <class name="LeanKernel.Data.Interceptors.RecyclableInterceptor" filename="Common/LeanKernel.Data/Interceptors/RecyclableInterceptor.cs" line-rate="1" branch-rate="0.8332999999999999" complexity="14">
          <methods>
            <method name="SavingChanges" signature="(Microsoft.EntityFrameworkCore.Diagnostics.DbContextEventData,Microsoft.EntityFrameworkCore.Diagnostics.InterceptionResult`1&lt;System.Int32&gt;)" line-rate="1" branch-rate="0.8332999999999999" complexity="12">
              <lines>
                <line number="19" hits="2" branch="False" />
                <line number="20" hits="2" branch="True" condition-coverage="50% (2/4)">
                  <conditions>
                    <condition number="8" type="jump" coverage="50%" />
                    <condition number="25" type="jump" coverage="50%" />
                  </conditions>
                </line>
                <line number="22" hits="10" branch="True" condition-coverage="100% (2/2)">
                  <conditions>
                    <condition number="238" type="jump" coverage="100%" />
                  </conditions>
                </line>
                <line number="23" hits="2" branch="False" />
                <line number="24" hits="2" branch="True" condition-coverage="100% (2/2)">
                  <conditions>
                    <condition number="111" type="jump" coverage="100%" />
                  </conditions>
                </line>
                <line number="25" hits="1" branch="False" />
                <line number="26" hits="1" branch="False" />
                <line number="27" hits="1" branch="False" />
                <line number="29" hits="1" branch="True" condition-coverage="100% (2/2)">
                  <conditions>
                    <condition number="152" type="jump" coverage="100%" />
                  </conditions>
                </line>
                <line number="30" hits="1" branch="False" />
                <line number="31" hits="1" branch="False" />
                <line number="32" hits="1" branch="False" />
                <line number="33" hits="1" branch="False" />
                <line number="34" hits="1" branch="False" />
                <line number="36" hits="2" branch="True" condition-coverage="100% (2/2)">
                  <conditions>
                    <condition number="219" type="jump" coverage="100%" />
                  </conditions>
                </line>
                <line number="37" hits="1" branch="False" />
                <line number="38" hits="1" branch="False" />
                <line number="39" hits="1" branch="False" />
                <line number="40" hits="2" branch="False" />
                <line number="41" hits="2" branch="False" />
                <line number="42" hits="2" branch="False" />
              </lines>
            </method>
            <method name="SavingChangesAsync" signature="(Microsoft.EntityFrameworkCore.Diagnostics.DbContextEventData,Microsoft.EntityFrameworkCore.Diagnostics.InterceptionResult`1&lt;System.Int32&gt;,System.Threading.CancellationToken)" line-rate="1" branch-rate="1" complexity="1">
              <lines>
                <line number="49" hits="2" branch="False" />
                <line number="50" hits="2" branch="False" />
                <line number="51" hits="2" branch="False" />
              </lines>
            </method>
            <method name=".ctor" signature="(LeanKernel.IPermit)" line-rate="1" branch-rate="1" complexity="1">
              <lines>
                <line number="13" hits="1" branch="False" />
              </lines>
            </method>
          </methods>
          <lines>
            <line number="19" hits="2" branch="False" />
            <line number="20" hits="2" branch="True" condition-coverage="50% (2/4)">
              <conditions>
                <condition number="8" type="jump" coverage="50%" />
                <condition number="25" type="jump" coverage="50%" />
              </conditions>
            </line>
            <line number="22" hits="10" branch="True" condition-coverage="100% (2/2)">
              <conditions>
                <condition number="238" type="jump" coverage="100%" />
              </conditions>
            </line>
            <line number="23" hits="2" branch="False" />
            <line number="24" hits="2" branch="True" condition-coverage="100% (2/2)">
              <conditions>
                <condition number="111" type="jump" coverage="100%" />
              </conditions>
            </line>
            <line number="25" hits="1" branch="False" />
            <line number="26" hits="1" branch="False" />
            <line number="27" hits="1" branch="False" />
            <line number="29" hits="1" branch="True" condition-coverage="100% (2/2)">
              <conditions>
                <condition number="152" type="jump" coverage="100%" />
              </conditions>
            </line>
            <line number="30" hits="1" branch="False" />
            <line number="31" hits="1" branch="False" />
            <line number="32" hits="1" branch="False" />
            <line number="33" hits="1" branch="False" />
            <line number="34" hits="1" branch="False" />
            <line number="36" hits="2" branch="True" condition-coverage="100% (2/2)">
              <conditions>
                <condition number="219" type="jump" coverage="100%" />
              </conditions>
            </line>
            <line number="37" hits="1" branch="False" />
            <line number="38" hits="1" branch="False" />
            <line number="39" hits="1" branch="False" />
            <line number="40" hits="2" branch="False" />
            <line number="41" hits="2" branch="False" />
            <line number="42" hits="2" branch="False" />
            <line number="49" hits="2" branch="False" />
            <line number="50" hits="2" branch="False" />
            <line number="51" hits="2" branch="False" />
            <line number="13" hits="1" branch="False" />
          </lines>
        </class>
      </classes>
    </package>
    <package name="LeanKernel.Core" line-rate="1" branch-rate="1" complexity="1">
      <classes>
        <class name="LeanKernel.IPermit" filename="Common/LeanKernel.Core/Interfaces/IPermit.cs" line-rate="1" branch-rate="1" complexity="1">
          <methods>
            <method name="get_Id" signature="()" line-rate="1" branch-rate="1" complexity="1">
              <lines>
                <line number="48" hits="1" branch="False" />
              </lines>
            </method>
          </methods>
          <lines>
            <line number="48" hits="1" branch="False" />
          </lines>
        </class>
      </classes>
    </package>
  </packages>
</coverage>